2020-05-20 23:36:54,662 Namespace(cfg='/home/data2/zhy/HRnet_face_parsing/experiments/vschallenge/seg_hrnet_w48_cls17_480x480_sgd_lr4e-3_wd1e-4_bs_16_epoch200.yaml', local_rank=3, opts=[])
2020-05-20 23:36:54,662 Namespace(cfg='/home/data2/zhy/HRnet_face_parsing/experiments/vschallenge/seg_hrnet_w48_cls17_480x480_sgd_lr4e-3_wd1e-4_bs_16_epoch200.yaml', local_rank=2, opts=[])
2020-05-20 23:36:54,662 Namespace(cfg='/home/data2/zhy/HRnet_face_parsing/experiments/vschallenge/seg_hrnet_w48_cls17_480x480_sgd_lr4e-3_wd1e-4_bs_16_epoch200.yaml', local_rank=1, opts=[])
2020-05-20 23:36:54,662 AUTO_RESUME: False
CUDNN:
  BENCHMARK: True
  DETERMINISTIC: False
  ENABLED: True
DATASET:
  DATASET: vschallenge
  EXTRA_TRAIN_SET: 
  NUM_CLASSES: 17
  ROOT: /home/data2/DATASET/vschallenge
  TEST_SET: val
  TRAIN_SET: train
DEBUG:
  DEBUG: False
  SAVE_BATCH_IMAGES_GT: False
  SAVE_BATCH_IMAGES_PRED: False
  SAVE_HEATMAPS_GT: False
  SAVE_HEATMAPS_PRED: False
GPUS: (0, 1, 2, 3)
LOG_DIR: log
LOSS:
  CLASS_BALANCE: True
  OHEMKEEP: 131072
  OHEMTHRES: 0.9
  USE_OHEM: False
MODEL:
  EXTRA:
    FINAL_CONV_KERNEL: 1
    STAGE1:
      BLOCK: BOTTLENECK
      FUSE_METHOD: SUM
      NUM_BLOCKS: [4]
      NUM_CHANNELS: [64]
      NUM_MODULES: 1
      NUM_RANCHES: 1
    STAGE2:
      BLOCK: BASIC
      FUSE_METHOD: SUM
      NUM_BLOCKS: [4, 4]
      NUM_BRANCHES: 2
      NUM_CHANNELS: [48, 96]
      NUM_MODULES: 1
    STAGE3:
      BLOCK: BASIC
      FUSE_METHOD: SUM
      NUM_BLOCKS: [4, 4, 4]
      NUM_BRANCHES: 3
      NUM_CHANNELS: [48, 96, 192]
      NUM_MODULES: 4
    STAGE4:
      BLOCK: BASIC
      FUSE_METHOD: SUM
      NUM_BLOCKS: [4, 4, 4, 4]
      NUM_BRANCHES: 4
      NUM_CHANNELS: [48, 96, 192, 384]
      NUM_MODULES: 3
  NAME: seg_hrnet
  PRETRAINED: pretrained_models/hrnetv2_w48_imagenet_pretrained.pth
OUTPUT_DIR: output
PIN_MEMORY: True
PRINT_FREQ: 100
RANK: 0
TEST:
  BASE_SIZE: 520
  BATCH_SIZE_PER_GPU: 1
  CENTER_CROP_TEST: False
  FLIP_TEST: False
  IMAGE_SIZE: [480, 480]
  MODEL_FILE: 
  MULTI_SCALE: False
  NUM_SAMPLES: 0
  SCALE_LIST: [1]
TRAIN:
  BASE_SIZE: 520
  BATCH_SIZE_PER_GPU: 4
  BEGIN_EPOCH: 0
  DOWNSAMPLERATE: 1
  END_EPOCH: 200
  EXTRA_EPOCH: 0
  EXTRA_LR: 0.001
  FLIP: True
  IGNORE_LABEL: -1
  IMAGE_SIZE: [480, 480]
  LR: 0.004
  LR_FACTOR: 0.1
  LR_STEP: [90, 110]
  MOMENTUM: 0.9
  MULTI_SCALE: True
  NESTEROV: False
  NUM_SAMPLES: 0
  OPTIMIZER: sgd
  RESUME: True
  SCALE_FACTOR: 16
  SHUFFLE: True
  WD: 0.0001
WORKERS: 4
2020-05-20 23:36:54,662 AUTO_RESUME: False
CUDNN:
  BENCHMARK: True
  DETERMINISTIC: False
  ENABLED: True
DATASET:
  DATASET: vschallenge
  EXTRA_TRAIN_SET: 
  NUM_CLASSES: 17
  ROOT: /home/data2/DATASET/vschallenge
  TEST_SET: val
  TRAIN_SET: train
DEBUG:
  DEBUG: False
  SAVE_BATCH_IMAGES_GT: False
  SAVE_BATCH_IMAGES_PRED: False
  SAVE_HEATMAPS_GT: False
  SAVE_HEATMAPS_PRED: False
GPUS: (0, 1, 2, 3)
LOG_DIR: log
LOSS:
  CLASS_BALANCE: True
  OHEMKEEP: 131072
  OHEMTHRES: 0.9
  USE_OHEM: False
MODEL:
  EXTRA:
    FINAL_CONV_KERNEL: 1
    STAGE1:
      BLOCK: BOTTLENECK
      FUSE_METHOD: SUM
      NUM_BLOCKS: [4]
      NUM_CHANNELS: [64]
      NUM_MODULES: 1
      NUM_RANCHES: 1
    STAGE2:
      BLOCK: BASIC
      FUSE_METHOD: SUM
      NUM_BLOCKS: [4, 4]
      NUM_BRANCHES: 2
      NUM_CHANNELS: [48, 96]
      NUM_MODULES: 1
    STAGE3:
      BLOCK: BASIC
      FUSE_METHOD: SUM
      NUM_BLOCKS: [4, 4, 4]
      NUM_BRANCHES: 3
      NUM_CHANNELS: [48, 96, 192]
      NUM_MODULES: 4
    STAGE4:
      BLOCK: BASIC
      FUSE_METHOD: SUM
      NUM_BLOCKS: [4, 4, 4, 4]
      NUM_BRANCHES: 4
      NUM_CHANNELS: [48, 96, 192, 384]
      NUM_MODULES: 3
  NAME: seg_hrnet
  PRETRAINED: pretrained_models/hrnetv2_w48_imagenet_pretrained.pth
OUTPUT_DIR: output
PIN_MEMORY: True
PRINT_FREQ: 100
RANK: 0
TEST:
  BASE_SIZE: 520
  BATCH_SIZE_PER_GPU: 1
  CENTER_CROP_TEST: False
  FLIP_TEST: False
  IMAGE_SIZE: [480, 480]
  MODEL_FILE: 
  MULTI_SCALE: False
  NUM_SAMPLES: 0
  SCALE_LIST: [1]
TRAIN:
  BASE_SIZE: 520
  BATCH_SIZE_PER_GPU: 4
  BEGIN_EPOCH: 0
  DOWNSAMPLERATE: 1
  END_EPOCH: 200
  EXTRA_EPOCH: 0
  EXTRA_LR: 0.001
  FLIP: True
  IGNORE_LABEL: -1
  IMAGE_SIZE: [480, 480]
  LR: 0.004
  LR_FACTOR: 0.1
  LR_STEP: [90, 110]
  MOMENTUM: 0.9
  MULTI_SCALE: True
  NESTEROV: False
  NUM_SAMPLES: 0
  OPTIMIZER: sgd
  RESUME: True
  SCALE_FACTOR: 16
  SHUFFLE: True
  WD: 0.0001
WORKERS: 4
2020-05-20 23:36:54,662 AUTO_RESUME: False
CUDNN:
  BENCHMARK: True
  DETERMINISTIC: False
  ENABLED: True
DATASET:
  DATASET: vschallenge
  EXTRA_TRAIN_SET: 
  NUM_CLASSES: 17
  ROOT: /home/data2/DATASET/vschallenge
  TEST_SET: val
  TRAIN_SET: train
DEBUG:
  DEBUG: False
  SAVE_BATCH_IMAGES_GT: False
  SAVE_BATCH_IMAGES_PRED: False
  SAVE_HEATMAPS_GT: False
  SAVE_HEATMAPS_PRED: False
GPUS: (0, 1, 2, 3)
LOG_DIR: log
LOSS:
  CLASS_BALANCE: True
  OHEMKEEP: 131072
  OHEMTHRES: 0.9
  USE_OHEM: False
MODEL:
  EXTRA:
    FINAL_CONV_KERNEL: 1
    STAGE1:
      BLOCK: BOTTLENECK
      FUSE_METHOD: SUM
      NUM_BLOCKS: [4]
      NUM_CHANNELS: [64]
      NUM_MODULES: 1
      NUM_RANCHES: 1
    STAGE2:
      BLOCK: BASIC
      FUSE_METHOD: SUM
      NUM_BLOCKS: [4, 4]
      NUM_BRANCHES: 2
      NUM_CHANNELS: [48, 96]
      NUM_MODULES: 1
    STAGE3:
      BLOCK: BASIC
      FUSE_METHOD: SUM
      NUM_BLOCKS: [4, 4, 4]
      NUM_BRANCHES: 3
      NUM_CHANNELS: [48, 96, 192]
      NUM_MODULES: 4
    STAGE4:
      BLOCK: BASIC
      FUSE_METHOD: SUM
      NUM_BLOCKS: [4, 4, 4, 4]
      NUM_BRANCHES: 4
      NUM_CHANNELS: [48, 96, 192, 384]
      NUM_MODULES: 3
  NAME: seg_hrnet
  PRETRAINED: pretrained_models/hrnetv2_w48_imagenet_pretrained.pth
OUTPUT_DIR: output
PIN_MEMORY: True
PRINT_FREQ: 100
RANK: 0
TEST:
  BASE_SIZE: 520
  BATCH_SIZE_PER_GPU: 1
  CENTER_CROP_TEST: False
  FLIP_TEST: False
  IMAGE_SIZE: [480, 480]
  MODEL_FILE: 
  MULTI_SCALE: False
  NUM_SAMPLES: 0
  SCALE_LIST: [1]
TRAIN:
  BASE_SIZE: 520
  BATCH_SIZE_PER_GPU: 4
  BEGIN_EPOCH: 0
  DOWNSAMPLERATE: 1
  END_EPOCH: 200
  EXTRA_EPOCH: 0
  EXTRA_LR: 0.001
  FLIP: True
  IGNORE_LABEL: -1
  IMAGE_SIZE: [480, 480]
  LR: 0.004
  LR_FACTOR: 0.1
  LR_STEP: [90, 110]
  MOMENTUM: 0.9
  MULTI_SCALE: True
  NESTEROV: False
  NUM_SAMPLES: 0
  OPTIMIZER: sgd
  RESUME: True
  SCALE_FACTOR: 16
  SHUFFLE: True
  WD: 0.0001
WORKERS: 4
2020-05-20 23:36:54,709 Namespace(cfg='/home/data2/zhy/HRnet_face_parsing/experiments/vschallenge/seg_hrnet_w48_cls17_480x480_sgd_lr4e-3_wd1e-4_bs_16_epoch200.yaml', local_rank=0, opts=[])
2020-05-20 23:36:54,710 AUTO_RESUME: False
CUDNN:
  BENCHMARK: True
  DETERMINISTIC: False
  ENABLED: True
DATASET:
  DATASET: vschallenge
  EXTRA_TRAIN_SET: 
  NUM_CLASSES: 17
  ROOT: /home/data2/DATASET/vschallenge
  TEST_SET: val
  TRAIN_SET: train
DEBUG:
  DEBUG: False
  SAVE_BATCH_IMAGES_GT: False
  SAVE_BATCH_IMAGES_PRED: False
  SAVE_HEATMAPS_GT: False
  SAVE_HEATMAPS_PRED: False
GPUS: (0, 1, 2, 3)
LOG_DIR: log
LOSS:
  CLASS_BALANCE: True
  OHEMKEEP: 131072
  OHEMTHRES: 0.9
  USE_OHEM: False
MODEL:
  EXTRA:
    FINAL_CONV_KERNEL: 1
    STAGE1:
      BLOCK: BOTTLENECK
      FUSE_METHOD: SUM
      NUM_BLOCKS: [4]
      NUM_CHANNELS: [64]
      NUM_MODULES: 1
      NUM_RANCHES: 1
    STAGE2:
      BLOCK: BASIC
      FUSE_METHOD: SUM
      NUM_BLOCKS: [4, 4]
      NUM_BRANCHES: 2
      NUM_CHANNELS: [48, 96]
      NUM_MODULES: 1
    STAGE3:
      BLOCK: BASIC
      FUSE_METHOD: SUM
      NUM_BLOCKS: [4, 4, 4]
      NUM_BRANCHES: 3
      NUM_CHANNELS: [48, 96, 192]
      NUM_MODULES: 4
    STAGE4:
      BLOCK: BASIC
      FUSE_METHOD: SUM
      NUM_BLOCKS: [4, 4, 4, 4]
      NUM_BRANCHES: 4
      NUM_CHANNELS: [48, 96, 192, 384]
      NUM_MODULES: 3
  NAME: seg_hrnet
  PRETRAINED: pretrained_models/hrnetv2_w48_imagenet_pretrained.pth
OUTPUT_DIR: output
PIN_MEMORY: True
PRINT_FREQ: 100
RANK: 0
TEST:
  BASE_SIZE: 520
  BATCH_SIZE_PER_GPU: 1
  CENTER_CROP_TEST: False
  FLIP_TEST: False
  IMAGE_SIZE: [480, 480]
  MODEL_FILE: 
  MULTI_SCALE: False
  NUM_SAMPLES: 0
  SCALE_LIST: [1]
TRAIN:
  BASE_SIZE: 520
  BATCH_SIZE_PER_GPU: 4
  BEGIN_EPOCH: 0
  DOWNSAMPLERATE: 1
  END_EPOCH: 200
  EXTRA_EPOCH: 0
  EXTRA_LR: 0.001
  FLIP: True
  IGNORE_LABEL: -1
  IMAGE_SIZE: [480, 480]
  LR: 0.004
  LR_FACTOR: 0.1
  LR_STEP: [90, 110]
  MOMENTUM: 0.9
  MULTI_SCALE: True
  NESTEROV: False
  NUM_SAMPLES: 0
  OPTIMIZER: sgd
  RESUME: True
  SCALE_FACTOR: 16
  SHUFFLE: True
  WD: 0.0001
WORKERS: 4
2020-05-20 23:36:55,337 => init weights from normal distribution
2020-05-20 23:36:55,341 => init weights from normal distribution
2020-05-20 23:36:55,355 => init weights from normal distribution
2020-05-20 23:36:55,392 => init weights from normal distribution
2020-05-20 23:37:08,405 
Total Parameters: 65,857,937
----------------------------------------------------------------------------------------------------------------------------------
Total Multiply Adds (For Convolution and Linear Layers only): 76.46484375 GFLOPs
----------------------------------------------------------------------------------------------------------------------------------
Number of Layers
Conv2d : 307 layers   BatchNorm2d : 306 layers   ReLU : 269 layers   Bottleneck : 4 layers   BasicBlock : 104 layers   HighResolutionModule : 8 layers   
2020-05-20 23:37:25,031 Epoch: [0/200] Iter:[0/857], Time: 5.28, lr: 0.004000, Loss: 2.856188
2020-05-20 23:39:14,429 Epoch: [0/200] Iter:[100/857], Time: 1.14, lr: 0.003998, Loss: 0.966465
2020-05-20 23:41:01,271 Epoch: [0/200] Iter:[200/857], Time: 1.10, lr: 0.003996, Loss: 0.864074
2020-05-20 23:42:48,667 Epoch: [0/200] Iter:[300/857], Time: 1.09, lr: 0.003994, Loss: 0.812852
2020-05-20 23:44:36,270 Epoch: [0/200] Iter:[400/857], Time: 1.09, lr: 0.003992, Loss: 0.782309
2020-05-20 23:46:23,505 Epoch: [0/200] Iter:[500/857], Time: 1.09, lr: 0.003989, Loss: 0.760586
2020-05-20 23:48:13,159 Epoch: [0/200] Iter:[600/857], Time: 1.09, lr: 0.003987, Loss: 0.742345
2020-05-20 23:50:04,604 Epoch: [0/200] Iter:[700/857], Time: 1.09, lr: 0.003985, Loss: 0.729860
2020-05-20 23:51:57,687 Epoch: [0/200] Iter:[800/857], Time: 1.10, lr: 0.003983, Loss: 0.718038
2020-05-20 23:54:02,088 => saving checkpoint to output/vschallenge/seg_hrnet_w48_cls17_480x480_sgd_lr4e-3_wd1e-4_bs_16_epoch200checkpoint.pth.tar
2020-05-20 23:54:03,311 Loss: 0.784, MeanIU:  0.0789, Best_mIoU:  0.0789
2020-05-20 23:54:03,311 [0.82483301 0.39542767 0.         0.         0.         0.
 0.         0.         0.         0.         0.12068372 0.
 0.         0.         0.         0.         0.        ]
2020-05-20 23:54:05,624 Epoch: [1/200] Iter:[0/857], Time: 2.31, lr: 0.003982, Loss: 0.809698
2020-05-20 23:56:05,258 Epoch: [1/200] Iter:[100/857], Time: 1.21, lr: 0.003980, Loss: 0.637198
2020-05-20 23:58:05,707 Epoch: [1/200] Iter:[200/857], Time: 1.21, lr: 0.003978, Loss: 0.616048
2020-05-21 00:00:04,935 Epoch: [1/200] Iter:[300/857], Time: 1.20, lr: 0.003976, Loss: 0.615141
2020-05-21 00:02:02,320 Epoch: [1/200] Iter:[400/857], Time: 1.19, lr: 0.003974, Loss: 0.606444
2020-05-21 00:03:56,730 Epoch: [1/200] Iter:[500/857], Time: 1.18, lr: 0.003971, Loss: 0.605658
2020-05-21 00:05:47,549 Epoch: [1/200] Iter:[600/857], Time: 1.17, lr: 0.003969, Loss: 0.599187
2020-05-21 00:07:36,226 Epoch: [1/200] Iter:[700/857], Time: 1.16, lr: 0.003967, Loss: 0.593234
2020-05-21 00:09:25,313 Epoch: [1/200] Iter:[800/857], Time: 1.15, lr: 0.003965, Loss: 0.589689
2020-05-21 00:11:17,724 => saving checkpoint to output/vschallenge/seg_hrnet_w48_cls17_480x480_sgd_lr4e-3_wd1e-4_bs_16_epoch200checkpoint.pth.tar
2020-05-21 00:11:19,960 Loss: 0.737, MeanIU:  0.0843, Best_mIoU:  0.0843
2020-05-21 00:11:19,960 [0.82485961 0.37772335 0.         0.         0.         0.
 0.         0.         0.         0.         0.23027296 0.
 0.         0.         0.         0.         0.        ]
2020-05-21 00:11:21,740 Epoch: [2/200] Iter:[0/857], Time: 1.77, lr: 0.003964, Loss: 0.638922
2020-05-21 00:13:12,688 Epoch: [2/200] Iter:[100/857], Time: 1.12, lr: 0.003962, Loss: 0.537560
2020-05-21 00:15:04,605 Epoch: [2/200] Iter:[200/857], Time: 1.12, lr: 0.003960, Loss: 0.542310
2020-05-21 00:16:56,390 Epoch: [2/200] Iter:[300/857], Time: 1.12, lr: 0.003958, Loss: 0.532175
2020-05-21 00:18:48,773 Epoch: [2/200] Iter:[400/857], Time: 1.12, lr: 0.003956, Loss: 0.529445
2020-05-21 00:20:39,670 Epoch: [2/200] Iter:[500/857], Time: 1.12, lr: 0.003953, Loss: 0.524408
2020-05-21 00:22:30,033 Epoch: [2/200] Iter:[600/857], Time: 1.11, lr: 0.003951, Loss: 0.521341
2020-05-21 00:24:20,948 Epoch: [2/200] Iter:[700/857], Time: 1.11, lr: 0.003949, Loss: 0.518671
2020-05-21 00:26:13,974 Epoch: [2/200] Iter:[800/857], Time: 1.12, lr: 0.003947, Loss: 0.516101
2020-05-21 00:28:13,145 => saving checkpoint to output/vschallenge/seg_hrnet_w48_cls17_480x480_sgd_lr4e-3_wd1e-4_bs_16_epoch200checkpoint.pth.tar
2020-05-21 00:28:15,411 Loss: 0.433, MeanIU:  0.1378, Best_mIoU:  0.1378
2020-05-21 00:28:15,412 [8.91226097e-01 5.74565500e-01 0.00000000e+00 0.00000000e+00
 0.00000000e+00 0.00000000e+00 1.97750808e-01 2.34330284e-02
 1.66207053e-01 0.00000000e+00 3.70927769e-01 0.00000000e+00
 0.00000000e+00 4.45128940e-02 7.32226515e-02 3.50611633e-05
 5.78418702e-05]
2020-05-21 00:28:17,273 Epoch: [3/200] Iter:[0/857], Time: 1.85, lr: 0.003946, Loss: 0.442783
2020-05-21 00:30:11,144 Epoch: [3/200] Iter:[100/857], Time: 1.15, lr: 0.003944, Loss: 0.471538
2020-05-21 00:32:04,409 Epoch: [3/200] Iter:[200/857], Time: 1.14, lr: 0.003942, Loss: 0.462497
2020-05-21 00:33:57,369 Epoch: [3/200] Iter:[300/857], Time: 1.14, lr: 0.003940, Loss: 0.455881
2020-05-21 00:35:49,456 Epoch: [3/200] Iter:[400/857], Time: 1.13, lr: 0.003938, Loss: 0.451855
2020-05-21 00:37:41,428 Epoch: [3/200] Iter:[500/857], Time: 1.13, lr: 0.003935, Loss: 0.447053
2020-05-21 00:39:32,874 Epoch: [3/200] Iter:[600/857], Time: 1.13, lr: 0.003933, Loss: 0.440549
2020-05-21 00:41:23,565 Epoch: [3/200] Iter:[700/857], Time: 1.12, lr: 0.003931, Loss: 0.433441
2020-05-21 00:43:17,122 Epoch: [3/200] Iter:[800/857], Time: 1.13, lr: 0.003929, Loss: 0.430356
2020-05-21 00:45:15,365 => saving checkpoint to output/vschallenge/seg_hrnet_w48_cls17_480x480_sgd_lr4e-3_wd1e-4_bs_16_epoch200checkpoint.pth.tar
2020-05-21 00:45:17,391 Loss: 0.335, MeanIU:  0.2246, Best_mIoU:  0.2246
2020-05-21 00:45:17,391 [9.10517364e-01 6.62910084e-01 3.28277851e-02 5.70357455e-02
 2.29923675e-01 2.08960762e-01 3.77476784e-01 2.13732913e-01
 3.18011444e-01 2.26651542e-02 4.36090777e-01 0.00000000e+00
 0.00000000e+00 1.47070379e-01 2.00327508e-01 2.88737048e-04
 4.94004618e-04]
2020-05-21 00:45:19,115 Epoch: [4/200] Iter:[0/857], Time: 1.72, lr: 0.003928, Loss: 0.388853
2020-05-21 00:47:12,110 Epoch: [4/200] Iter:[100/857], Time: 1.14, lr: 0.003926, Loss: 0.375798
2020-05-21 00:49:04,742 Epoch: [4/200] Iter:[200/857], Time: 1.13, lr: 0.003924, Loss: 0.373724
2020-05-21 00:50:56,227 Epoch: [4/200] Iter:[300/857], Time: 1.13, lr: 0.003922, Loss: 0.371261
2020-05-21 00:52:46,020 Epoch: [4/200] Iter:[400/857], Time: 1.12, lr: 0.003920, Loss: 0.363595
2020-05-21 00:54:34,075 Epoch: [4/200] Iter:[500/857], Time: 1.11, lr: 0.003917, Loss: 0.363291
2020-05-21 00:56:20,862 Epoch: [4/200] Iter:[600/857], Time: 1.10, lr: 0.003915, Loss: 0.358257
2020-05-21 00:58:08,035 Epoch: [4/200] Iter:[700/857], Time: 1.10, lr: 0.003913, Loss: 0.356251
2020-05-21 00:59:55,162 Epoch: [4/200] Iter:[800/857], Time: 1.10, lr: 0.003911, Loss: 0.351012
2020-05-21 01:01:48,054 => saving checkpoint to output/vschallenge/seg_hrnet_w48_cls17_480x480_sgd_lr4e-3_wd1e-4_bs_16_epoch200checkpoint.pth.tar
2020-05-21 01:01:50,548 Loss: 0.287, MeanIU:  0.3263, Best_mIoU:  0.3263
2020-05-21 01:01:50,548 [0.91908617 0.70726359 0.26744386 0.29473719 0.40181054 0.40208249
 0.51702744 0.34992032 0.32295288 0.23981956 0.44614104 0.
 0.         0.31000229 0.33609431 0.00117681 0.03124148]
2020-05-21 01:01:52,375 Epoch: [5/200] Iter:[0/857], Time: 1.82, lr: 0.003910, Loss: 0.269452
2020-05-21 01:03:41,954 Epoch: [5/200] Iter:[100/857], Time: 1.10, lr: 0.003908, Loss: 0.296950
2020-05-21 01:05:34,581 Epoch: [5/200] Iter:[200/857], Time: 1.11, lr: 0.003906, Loss: 0.299767
2020-05-21 01:07:28,315 Epoch: [5/200] Iter:[300/857], Time: 1.12, lr: 0.003904, Loss: 0.300106
2020-05-21 01:09:20,248 Epoch: [5/200] Iter:[400/857], Time: 1.12, lr: 0.003901, Loss: 0.293637
2020-05-21 01:11:10,543 Epoch: [5/200] Iter:[500/857], Time: 1.12, lr: 0.003899, Loss: 0.293987
2020-05-21 01:13:00,100 Epoch: [5/200] Iter:[600/857], Time: 1.11, lr: 0.003897, Loss: 0.290078
2020-05-21 01:14:51,410 Epoch: [5/200] Iter:[700/857], Time: 1.11, lr: 0.003895, Loss: 0.287982
2020-05-21 01:16:46,033 Epoch: [5/200] Iter:[800/857], Time: 1.12, lr: 0.003893, Loss: 0.284870
2020-05-21 01:18:44,208 => saving checkpoint to output/vschallenge/seg_hrnet_w48_cls17_480x480_sgd_lr4e-3_wd1e-4_bs_16_epoch200checkpoint.pth.tar
2020-05-21 01:18:46,758 Loss: 0.244, MeanIU:  0.3991, Best_mIoU:  0.3991
2020-05-21 01:18:46,758 [0.93373264 0.75917123 0.37266146 0.39979823 0.46506115 0.45752474
 0.59637454 0.43371319 0.4294589  0.33191569 0.53097719 0.
 0.         0.40201854 0.43498295 0.07789958 0.1593604 ]
2020-05-21 01:18:48,772 Epoch: [6/200] Iter:[0/857], Time: 2.01, lr: 0.003892, Loss: 0.220183
2020-05-21 01:20:44,466 Epoch: [6/200] Iter:[100/857], Time: 1.17, lr: 0.003890, Loss: 0.254017
2020-05-21 01:22:39,405 Epoch: [6/200] Iter:[200/857], Time: 1.16, lr: 0.003888, Loss: 0.258311
2020-05-21 01:24:33,019 Epoch: [6/200] Iter:[300/857], Time: 1.15, lr: 0.003886, Loss: 0.251623
2020-05-21 01:26:25,573 Epoch: [6/200] Iter:[400/857], Time: 1.14, lr: 0.003883, Loss: 0.248399
2020-05-21 01:28:21,400 Epoch: [6/200] Iter:[500/857], Time: 1.15, lr: 0.003881, Loss: 0.244138
2020-05-21 01:30:17,081 Epoch: [6/200] Iter:[600/857], Time: 1.15, lr: 0.003879, Loss: 0.241052
2020-05-21 01:32:12,650 Epoch: [6/200] Iter:[700/857], Time: 1.15, lr: 0.003877, Loss: 0.239458
2020-05-21 01:34:10,773 Epoch: [6/200] Iter:[800/857], Time: 1.15, lr: 0.003875, Loss: 0.239137
2020-05-21 01:36:12,294 => saving checkpoint to output/vschallenge/seg_hrnet_w48_cls17_480x480_sgd_lr4e-3_wd1e-4_bs_16_epoch200checkpoint.pth.tar
2020-05-21 01:36:14,713 Loss: 0.212, MeanIU:  0.3997, Best_mIoU:  0.3997
2020-05-21 01:36:14,714 [0.94184162 0.77365066 0.45564416 0.3991668  0.3642394  0.39232411
 0.65152568 0.45274307 0.38922456 0.32461654 0.57384308 0.
 0.         0.50109897 0.36238817 0.0080811  0.20429612]
2020-05-21 01:36:16,723 Epoch: [7/200] Iter:[0/857], Time: 2.00, lr: 0.003874, Loss: 0.199217
2020-05-21 01:38:09,782 Epoch: [7/200] Iter:[100/857], Time: 1.14, lr: 0.003872, Loss: 0.210418
2020-05-21 01:40:02,702 Epoch: [7/200] Iter:[200/857], Time: 1.13, lr: 0.003870, Loss: 0.214517
2020-05-21 01:41:54,817 Epoch: [7/200] Iter:[300/857], Time: 1.13, lr: 0.003867, Loss: 0.212021
2020-05-21 01:43:43,763 Epoch: [7/200] Iter:[400/857], Time: 1.12, lr: 0.003865, Loss: 0.213199
2020-05-21 01:45:31,361 Epoch: [7/200] Iter:[500/857], Time: 1.11, lr: 0.003863, Loss: 0.210878
2020-05-21 01:47:19,179 Epoch: [7/200] Iter:[600/857], Time: 1.11, lr: 0.003861, Loss: 0.209227
2020-05-21 01:49:08,732 Epoch: [7/200] Iter:[700/857], Time: 1.10, lr: 0.003859, Loss: 0.207692
2020-05-21 01:50:57,443 Epoch: [7/200] Iter:[800/857], Time: 1.10, lr: 0.003857, Loss: 0.208551
2020-05-21 01:52:48,561 => saving checkpoint to output/vschallenge/seg_hrnet_w48_cls17_480x480_sgd_lr4e-3_wd1e-4_bs_16_epoch200checkpoint.pth.tar
2020-05-21 01:52:50,989 Loss: 0.191, MeanIU:  0.4546, Best_mIoU:  0.4546
2020-05-21 01:52:50,989 [0.94857403 0.79538127 0.43908477 0.42445464 0.45962319 0.44761869
 0.69991382 0.5588887  0.46876586 0.44319433 0.6138018  0.
 0.         0.53360263 0.49078352 0.15547593 0.24857978]
2020-05-21 01:52:52,830 Epoch: [8/200] Iter:[0/857], Time: 1.83, lr: 0.003856, Loss: 0.187798
2020-05-21 01:54:41,236 Epoch: [8/200] Iter:[100/857], Time: 1.09, lr: 0.003854, Loss: 0.205444
2020-05-21 01:56:32,100 Epoch: [8/200] Iter:[200/857], Time: 1.10, lr: 0.003851, Loss: 0.200029
2020-05-21 01:58:23,813 Epoch: [8/200] Iter:[300/857], Time: 1.11, lr: 0.003849, Loss: 0.198944
2020-05-21 02:00:15,939 Epoch: [8/200] Iter:[400/857], Time: 1.11, lr: 0.003847, Loss: 0.192527
2020-05-21 02:02:06,288 Epoch: [8/200] Iter:[500/857], Time: 1.11, lr: 0.003845, Loss: 0.189206
2020-05-21 02:03:56,229 Epoch: [8/200] Iter:[600/857], Time: 1.11, lr: 0.003843, Loss: 0.190201
2020-05-21 02:05:46,072 Epoch: [8/200] Iter:[700/857], Time: 1.11, lr: 0.003841, Loss: 0.189439
2020-05-21 02:07:35,432 Epoch: [8/200] Iter:[800/857], Time: 1.10, lr: 0.003839, Loss: 0.188734
2020-05-21 02:09:27,792 => saving checkpoint to output/vschallenge/seg_hrnet_w48_cls17_480x480_sgd_lr4e-3_wd1e-4_bs_16_epoch200checkpoint.pth.tar
2020-05-21 02:09:30,264 Loss: 0.170, MeanIU:  0.4852, Best_mIoU:  0.4852
2020-05-21 02:09:30,265 [0.95341515 0.8205816  0.45928533 0.47710298 0.48890292 0.47361149
 0.71575073 0.60262387 0.56456433 0.48261342 0.63759211 0.
 0.         0.58937742 0.55986756 0.16163066 0.26174251]
2020-05-21 02:09:32,145 Epoch: [9/200] Iter:[0/857], Time: 1.87, lr: 0.003838, Loss: 0.140908
2020-05-21 02:11:20,101 Epoch: [9/200] Iter:[100/857], Time: 1.09, lr: 0.003836, Loss: 0.186302
2020-05-21 02:13:09,919 Epoch: [9/200] Iter:[200/857], Time: 1.09, lr: 0.003833, Loss: 0.176053
2020-05-21 02:15:04,693 Epoch: [9/200] Iter:[300/857], Time: 1.11, lr: 0.003831, Loss: 0.174156
2020-05-21 02:16:59,392 Epoch: [9/200] Iter:[400/857], Time: 1.12, lr: 0.003829, Loss: 0.172646
2020-05-21 02:18:54,496 Epoch: [9/200] Iter:[500/857], Time: 1.13, lr: 0.003827, Loss: 0.175546
2020-05-21 02:20:49,782 Epoch: [9/200] Iter:[600/857], Time: 1.13, lr: 0.003825, Loss: 0.174131
2020-05-21 02:22:43,896 Epoch: [9/200] Iter:[700/857], Time: 1.13, lr: 0.003823, Loss: 0.174397
2020-05-21 02:24:37,079 Epoch: [9/200] Iter:[800/857], Time: 1.13, lr: 0.003821, Loss: 0.173516
2020-05-21 02:26:36,025 => saving checkpoint to output/vschallenge/seg_hrnet_w48_cls17_480x480_sgd_lr4e-3_wd1e-4_bs_16_epoch200checkpoint.pth.tar
2020-05-21 02:26:38,654 Loss: 0.170, MeanIU:  0.5052, Best_mIoU:  0.5052
2020-05-21 02:26:38,654 [0.9512812  0.83993625 0.47269425 0.47799761 0.53821396 0.53080452
 0.74965294 0.63428008 0.63517492 0.51807827 0.6398484  0.
 0.         0.58058793 0.58534607 0.20016188 0.23365357]
2020-05-21 02:26:40,503 Epoch: [10/200] Iter:[0/857], Time: 1.84, lr: 0.003820, Loss: 0.117359
2020-05-21 02:28:35,808 Epoch: [10/200] Iter:[100/857], Time: 1.16, lr: 0.003817, Loss: 0.150370
2020-05-21 02:30:30,550 Epoch: [10/200] Iter:[200/857], Time: 1.15, lr: 0.003815, Loss: 0.154747
2020-05-21 02:32:26,021 Epoch: [10/200] Iter:[300/857], Time: 1.15, lr: 0.003813, Loss: 0.158384
2020-05-21 02:34:23,767 Epoch: [10/200] Iter:[400/857], Time: 1.16, lr: 0.003811, Loss: 0.154398
2020-05-21 02:36:16,888 Epoch: [10/200] Iter:[500/857], Time: 1.15, lr: 0.003809, Loss: 0.153607
2020-05-21 02:38:06,678 Epoch: [10/200] Iter:[600/857], Time: 1.14, lr: 0.003807, Loss: 0.155050
2020-05-21 02:39:56,408 Epoch: [10/200] Iter:[700/857], Time: 1.14, lr: 0.003805, Loss: 0.154592
2020-05-21 02:41:45,021 Epoch: [10/200] Iter:[800/857], Time: 1.13, lr: 0.003803, Loss: 0.154257
2020-05-21 02:43:38,659 => saving checkpoint to output/vschallenge/seg_hrnet_w48_cls17_480x480_sgd_lr4e-3_wd1e-4_bs_16_epoch200checkpoint.pth.tar
2020-05-21 02:43:40,321 Loss: 0.160, MeanIU:  0.5009, Best_mIoU:  0.5052
2020-05-21 02:43:40,322 [0.95709061 0.8374639  0.4219605  0.47566909 0.43700798 0.44397309
 0.76930048 0.63110847 0.60884575 0.4906869  0.66169698 0.
 0.         0.61932789 0.59764561 0.26903209 0.29487715]
2020-05-21 02:43:42,034 Epoch: [11/200] Iter:[0/857], Time: 1.71, lr: 0.003801, Loss: 0.204026
2020-05-21 02:45:31,085 Epoch: [11/200] Iter:[100/857], Time: 1.10, lr: 0.003799, Loss: 0.153704
2020-05-21 02:47:17,874 Epoch: [11/200] Iter:[200/857], Time: 1.08, lr: 0.003797, Loss: 0.160085
2020-05-21 02:49:05,307 Epoch: [11/200] Iter:[300/857], Time: 1.08, lr: 0.003795, Loss: 0.154459
2020-05-21 02:50:54,201 Epoch: [11/200] Iter:[400/857], Time: 1.08, lr: 0.003793, Loss: 0.150277
2020-05-21 02:52:44,346 Epoch: [11/200] Iter:[500/857], Time: 1.09, lr: 0.003791, Loss: 0.150377
2020-05-21 02:54:32,931 Epoch: [11/200] Iter:[600/857], Time: 1.09, lr: 0.003789, Loss: 0.147716
2020-05-21 02:56:24,329 Epoch: [11/200] Iter:[700/857], Time: 1.09, lr: 0.003787, Loss: 0.147878
2020-05-21 02:58:19,765 Epoch: [11/200] Iter:[800/857], Time: 1.10, lr: 0.003785, Loss: 0.147888
2020-05-21 03:00:21,050 => saving checkpoint to output/vschallenge/seg_hrnet_w48_cls17_480x480_sgd_lr4e-3_wd1e-4_bs_16_epoch200checkpoint.pth.tar
2020-05-21 03:00:23,752 Loss: 0.143, MeanIU:  0.5204, Best_mIoU:  0.5204
2020-05-21 03:00:23,753 [0.96075949 0.84395448 0.57611227 0.57054212 0.52614755 0.50416646
 0.78450611 0.64566109 0.4894695  0.51334586 0.66220053 0.
 0.         0.61141065 0.6041579  0.24831645 0.30554079]
2020-05-21 03:00:25,519 Epoch: [12/200] Iter:[0/857], Time: 1.76, lr: 0.003783, Loss: 0.114731
2020-05-21 03:02:21,829 Epoch: [12/200] Iter:[100/857], Time: 1.17, lr: 0.003781, Loss: 0.151714
2020-05-21 03:04:15,959 Epoch: [12/200] Iter:[200/857], Time: 1.16, lr: 0.003779, Loss: 0.142110
2020-05-21 03:06:07,412 Epoch: [12/200] Iter:[300/857], Time: 1.14, lr: 0.003777, Loss: 0.142966
2020-05-21 03:07:58,381 Epoch: [12/200] Iter:[400/857], Time: 1.13, lr: 0.003775, Loss: 0.143468
2020-05-21 03:09:48,986 Epoch: [12/200] Iter:[500/857], Time: 1.13, lr: 0.003773, Loss: 0.146466
2020-05-21 03:11:39,506 Epoch: [12/200] Iter:[600/857], Time: 1.12, lr: 0.003771, Loss: 0.146529
2020-05-21 03:13:30,549 Epoch: [12/200] Iter:[700/857], Time: 1.12, lr: 0.003769, Loss: 0.146238
2020-05-21 03:15:21,883 Epoch: [12/200] Iter:[800/857], Time: 1.12, lr: 0.003766, Loss: 0.144792
2020-05-21 03:17:17,488 => saving checkpoint to output/vschallenge/seg_hrnet_w48_cls17_480x480_sgd_lr4e-3_wd1e-4_bs_16_epoch200checkpoint.pth.tar
2020-05-21 03:17:20,051 Loss: 0.151, MeanIU:  0.5471, Best_mIoU:  0.5471
2020-05-21 03:17:20,051 [0.95840649 0.85499544 0.5654912  0.52406648 0.6414337  0.59954535
 0.77147383 0.66297425 0.68333374 0.58803478 0.66384528 0.
 0.         0.64964291 0.6108054  0.21827255 0.3090902 ]
2020-05-21 03:17:21,731 Epoch: [13/200] Iter:[0/857], Time: 1.67, lr: 0.003765, Loss: 0.083643
2020-05-21 03:19:13,324 Epoch: [13/200] Iter:[100/857], Time: 1.12, lr: 0.003763, Loss: 0.125947
2020-05-21 03:21:04,165 Epoch: [13/200] Iter:[200/857], Time: 1.11, lr: 0.003761, Loss: 0.132345
2020-05-21 03:22:53,619 Epoch: [13/200] Iter:[300/857], Time: 1.11, lr: 0.003759, Loss: 0.129300
2020-05-21 03:24:43,209 Epoch: [13/200] Iter:[400/857], Time: 1.11, lr: 0.003757, Loss: 0.128837
2020-05-21 03:26:35,577 Epoch: [13/200] Iter:[500/857], Time: 1.11, lr: 0.003755, Loss: 0.129463
2020-05-21 03:28:27,212 Epoch: [13/200] Iter:[600/857], Time: 1.11, lr: 0.003753, Loss: 0.131354
2020-05-21 03:30:19,176 Epoch: [13/200] Iter:[700/857], Time: 1.11, lr: 0.003750, Loss: 0.131641
2020-05-21 03:32:11,688 Epoch: [13/200] Iter:[800/857], Time: 1.11, lr: 0.003748, Loss: 0.131318
2020-05-21 03:34:09,016 => saving checkpoint to output/vschallenge/seg_hrnet_w48_cls17_480x480_sgd_lr4e-3_wd1e-4_bs_16_epoch200checkpoint.pth.tar
2020-05-21 03:34:10,769 Loss: 0.171, MeanIU:  0.4918, Best_mIoU:  0.5471
2020-05-21 03:34:10,769 [0.96135945 0.8222735  0.45711409 0.4666989  0.51406929 0.49885346
 0.76174389 0.61490772 0.54354259 0.44145051 0.67782273 0.
 0.         0.58551614 0.5625323  0.28275139 0.169685  ]
2020-05-21 03:34:13,312 Epoch: [14/200] Iter:[0/857], Time: 2.54, lr: 0.003747, Loss: 0.160399
2020-05-21 03:36:04,289 Epoch: [14/200] Iter:[100/857], Time: 1.12, lr: 0.003745, Loss: 0.123017
2020-05-21 03:37:57,370 Epoch: [14/200] Iter:[200/857], Time: 1.13, lr: 0.003743, Loss: 0.124778
2020-05-21 03:39:51,368 Epoch: [14/200] Iter:[300/857], Time: 1.13, lr: 0.003741, Loss: 0.124232
2020-05-21 03:41:45,117 Epoch: [14/200] Iter:[400/857], Time: 1.13, lr: 0.003739, Loss: 0.124096
2020-05-21 03:43:39,449 Epoch: [14/200] Iter:[500/857], Time: 1.14, lr: 0.003737, Loss: 0.124694
2020-05-21 03:45:36,055 Epoch: [14/200] Iter:[600/857], Time: 1.14, lr: 0.003734, Loss: 0.125620
2020-05-21 03:47:35,689 Epoch: [14/200] Iter:[700/857], Time: 1.15, lr: 0.003732, Loss: 0.124942
2020-05-21 03:49:32,190 Epoch: [14/200] Iter:[800/857], Time: 1.15, lr: 0.003730, Loss: 0.125426
2020-05-21 03:51:38,000 => saving checkpoint to output/vschallenge/seg_hrnet_w48_cls17_480x480_sgd_lr4e-3_wd1e-4_bs_16_epoch200checkpoint.pth.tar
2020-05-21 03:51:40,652 Loss: 0.149, MeanIU:  0.5728, Best_mIoU:  0.5728
2020-05-21 03:51:40,653 [0.96221602 0.85989179 0.61726048 0.60306101 0.65523611 0.60985594
 0.79377203 0.69517157 0.70771002 0.60877806 0.69565907 0.
 0.         0.65212357 0.62632615 0.27176813 0.37890555]
2020-05-21 03:51:42,680 Epoch: [15/200] Iter:[0/857], Time: 2.02, lr: 0.003729, Loss: 0.119470
2020-05-21 03:53:38,010 Epoch: [15/200] Iter:[100/857], Time: 1.16, lr: 0.003727, Loss: 0.118958
2020-05-21 03:55:36,480 Epoch: [15/200] Iter:[200/857], Time: 1.17, lr: 0.003725, Loss: 0.119288
2020-05-21 03:57:30,010 Epoch: [15/200] Iter:[300/857], Time: 1.16, lr: 0.003723, Loss: 0.120674
2020-05-21 03:59:22,303 Epoch: [15/200] Iter:[400/857], Time: 1.15, lr: 0.003720, Loss: 0.118458
2020-05-21 04:01:14,710 Epoch: [15/200] Iter:[500/857], Time: 1.15, lr: 0.003718, Loss: 0.116704
2020-05-21 04:03:06,045 Epoch: [15/200] Iter:[600/857], Time: 1.14, lr: 0.003716, Loss: 0.116595
2020-05-21 04:04:54,459 Epoch: [15/200] Iter:[700/857], Time: 1.13, lr: 0.003714, Loss: 0.116321
2020-05-21 04:06:43,340 Epoch: [15/200] Iter:[800/857], Time: 1.13, lr: 0.003712, Loss: 0.119601
2020-05-21 04:08:41,980 => saving checkpoint to output/vschallenge/seg_hrnet_w48_cls17_480x480_sgd_lr4e-3_wd1e-4_bs_16_epoch200checkpoint.pth.tar
2020-05-21 04:08:44,431 Loss: 0.131, MeanIU:  0.5756, Best_mIoU:  0.5756
2020-05-21 04:08:44,432 [0.96477832 0.87119546 0.63085064 0.6153298  0.67338048 0.66356265
 0.79788204 0.6850044  0.68995707 0.59021621 0.7080076  0.
 0.         0.68549974 0.60368076 0.30180105 0.30424188]
2020-05-21 04:08:46,109 Epoch: [16/200] Iter:[0/857], Time: 1.67, lr: 0.003711, Loss: 0.113999
2020-05-21 04:10:38,183 Epoch: [16/200] Iter:[100/857], Time: 1.13, lr: 0.003709, Loss: 0.110298
2020-05-21 04:12:32,037 Epoch: [16/200] Iter:[200/857], Time: 1.13, lr: 0.003707, Loss: 0.108964
2020-05-21 04:14:28,232 Epoch: [16/200] Iter:[300/857], Time: 1.14, lr: 0.003704, Loss: 0.112318
2020-05-21 04:16:25,495 Epoch: [16/200] Iter:[400/857], Time: 1.15, lr: 0.003702, Loss: 0.114853
2020-05-21 04:18:19,942 Epoch: [16/200] Iter:[500/857], Time: 1.15, lr: 0.003700, Loss: 0.115688
2020-05-21 04:20:13,743 Epoch: [16/200] Iter:[600/857], Time: 1.15, lr: 0.003698, Loss: 0.115995
2020-05-21 04:22:07,124 Epoch: [16/200] Iter:[700/857], Time: 1.15, lr: 0.003696, Loss: 0.115116
2020-05-21 04:23:59,192 Epoch: [16/200] Iter:[800/857], Time: 1.14, lr: 0.003694, Loss: 0.114844
2020-05-21 04:25:55,918 => saving checkpoint to output/vschallenge/seg_hrnet_w48_cls17_480x480_sgd_lr4e-3_wd1e-4_bs_16_epoch200checkpoint.pth.tar
2020-05-21 04:25:58,448 Loss: 0.136, MeanIU:  0.5904, Best_mIoU:  0.5904
2020-05-21 04:25:58,449 [0.96414631 0.87183262 0.64754893 0.64106718 0.68178865 0.63892078
 0.81728992 0.68336724 0.70976314 0.62039151 0.70988081 0.
 0.         0.68275196 0.65673878 0.33960479 0.3720222 ]
2020-05-21 04:26:00,215 Epoch: [17/200] Iter:[0/857], Time: 1.76, lr: 0.003693, Loss: 0.092065
2020-05-21 04:27:52,177 Epoch: [17/200] Iter:[100/857], Time: 1.13, lr: 0.003691, Loss: 0.101904
2020-05-21 04:29:44,685 Epoch: [17/200] Iter:[200/857], Time: 1.13, lr: 0.003688, Loss: 0.103686
2020-05-21 04:31:37,153 Epoch: [17/200] Iter:[300/857], Time: 1.13, lr: 0.003686, Loss: 0.104541
2020-05-21 04:33:28,022 Epoch: [17/200] Iter:[400/857], Time: 1.12, lr: 0.003684, Loss: 0.105390
2020-05-21 04:35:19,944 Epoch: [17/200] Iter:[500/857], Time: 1.12, lr: 0.003682, Loss: 0.105940
2020-05-21 04:37:09,678 Epoch: [17/200] Iter:[600/857], Time: 1.12, lr: 0.003680, Loss: 0.106275
2020-05-21 04:39:00,093 Epoch: [17/200] Iter:[700/857], Time: 1.12, lr: 0.003678, Loss: 0.107215
2020-05-21 04:40:49,942 Epoch: [17/200] Iter:[800/857], Time: 1.11, lr: 0.003676, Loss: 0.108192
2020-05-21 04:42:43,274 => saving checkpoint to output/vschallenge/seg_hrnet_w48_cls17_480x480_sgd_lr4e-3_wd1e-4_bs_16_epoch200checkpoint.pth.tar
2020-05-21 04:42:44,945 Loss: 0.132, MeanIU:  0.5818, Best_mIoU:  0.5904
2020-05-21 04:42:44,946 [0.9655261  0.87225547 0.60799759 0.61384599 0.6719919  0.64047245
 0.80900601 0.69370266 0.72795099 0.64108503 0.7138972  0.
 0.         0.68670063 0.66203913 0.26151267 0.32284408]
2020-05-21 04:42:46,767 Epoch: [18/200] Iter:[0/857], Time: 1.81, lr: 0.003674, Loss: 0.062745
2020-05-21 04:44:37,375 Epoch: [18/200] Iter:[100/857], Time: 1.11, lr: 0.003672, Loss: 0.107962
2020-05-21 04:46:25,679 Epoch: [18/200] Iter:[200/857], Time: 1.10, lr: 0.003670, Loss: 0.112514
2020-05-21 04:48:16,307 Epoch: [18/200] Iter:[300/857], Time: 1.10, lr: 0.003668, Loss: 0.108672
2020-05-21 04:50:08,401 Epoch: [18/200] Iter:[400/857], Time: 1.11, lr: 0.003666, Loss: 0.110089
2020-05-21 04:51:56,324 Epoch: [18/200] Iter:[500/857], Time: 1.10, lr: 0.003664, Loss: 0.108369
2020-05-21 04:53:45,832 Epoch: [18/200] Iter:[600/857], Time: 1.10, lr: 0.003662, Loss: 0.109154
2020-05-21 04:55:36,948 Epoch: [18/200] Iter:[700/857], Time: 1.10, lr: 0.003660, Loss: 0.108660
2020-05-21 04:57:29,620 Epoch: [18/200] Iter:[800/857], Time: 1.10, lr: 0.003658, Loss: 0.109314
2020-05-21 04:59:24,130 => saving checkpoint to output/vschallenge/seg_hrnet_w48_cls17_480x480_sgd_lr4e-3_wd1e-4_bs_16_epoch200checkpoint.pth.tar
2020-05-21 04:59:26,822 Loss: 0.124, MeanIU:  0.5972, Best_mIoU:  0.5972
2020-05-21 04:59:26,822 [0.96536722 0.87740244 0.66324214 0.64547536 0.65927925 0.6134101
 0.82777491 0.70463935 0.72427249 0.6379299  0.71258046 0.
 0.         0.69237394 0.69171549 0.30777033 0.42983225]
2020-05-21 04:59:28,556 Epoch: [19/200] Iter:[0/857], Time: 1.73, lr: 0.003656, Loss: 0.094861
2020-05-21 05:01:21,209 Epoch: [19/200] Iter:[100/857], Time: 1.13, lr: 0.003654, Loss: 0.095055
2020-05-21 05:03:12,067 Epoch: [19/200] Iter:[200/857], Time: 1.12, lr: 0.003652, Loss: 0.095535
2020-05-21 05:05:00,798 Epoch: [19/200] Iter:[300/857], Time: 1.11, lr: 0.003650, Loss: 0.096888
2020-05-21 05:06:50,784 Epoch: [19/200] Iter:[400/857], Time: 1.11, lr: 0.003648, Loss: 0.096823
2020-05-21 05:08:39,991 Epoch: [19/200] Iter:[500/857], Time: 1.10, lr: 0.003646, Loss: 0.097519
2020-05-21 05:10:29,235 Epoch: [19/200] Iter:[600/857], Time: 1.10, lr: 0.003644, Loss: 0.097227
2020-05-21 05:12:19,584 Epoch: [19/200] Iter:[700/857], Time: 1.10, lr: 0.003641, Loss: 0.097934
2020-05-21 05:14:08,301 Epoch: [19/200] Iter:[800/857], Time: 1.10, lr: 0.003639, Loss: 0.098713
2020-05-21 05:16:01,054 => saving checkpoint to output/vschallenge/seg_hrnet_w48_cls17_480x480_sgd_lr4e-3_wd1e-4_bs_16_epoch200checkpoint.pth.tar
2020-05-21 05:16:03,710 Loss: 0.124, MeanIU:  0.6039, Best_mIoU:  0.6039
2020-05-21 05:16:03,711 [0.96421455 0.87516252 0.65861754 0.61008726 0.6799515  0.65004932
 0.81656122 0.72300355 0.72372698 0.62953028 0.70785532 0.
 0.         0.70842899 0.6955801  0.40661017 0.41629199]
2020-05-21 05:16:06,161 Epoch: [20/200] Iter:[0/857], Time: 2.44, lr: 0.003638, Loss: 0.106517
2020-05-21 05:17:58,746 Epoch: [20/200] Iter:[100/857], Time: 1.14, lr: 0.003636, Loss: 0.095089
2020-05-21 05:19:50,640 Epoch: [20/200] Iter:[200/857], Time: 1.13, lr: 0.003634, Loss: 0.095408
2020-05-21 05:21:43,794 Epoch: [20/200] Iter:[300/857], Time: 1.13, lr: 0.003632, Loss: 0.096152
2020-05-21 05:23:37,897 Epoch: [20/200] Iter:[400/857], Time: 1.13, lr: 0.003630, Loss: 0.097950
2020-05-21 05:25:29,668 Epoch: [20/200] Iter:[500/857], Time: 1.13, lr: 0.003628, Loss: 0.098554
2020-05-21 05:27:22,840 Epoch: [20/200] Iter:[600/857], Time: 1.13, lr: 0.003625, Loss: 0.099103
2020-05-21 05:29:16,561 Epoch: [20/200] Iter:[700/857], Time: 1.13, lr: 0.003623, Loss: 0.099379
2020-05-21 05:31:10,558 Epoch: [20/200] Iter:[800/857], Time: 1.13, lr: 0.003621, Loss: 0.099131
2020-05-21 05:33:08,163 => saving checkpoint to output/vschallenge/seg_hrnet_w48_cls17_480x480_sgd_lr4e-3_wd1e-4_bs_16_epoch200checkpoint.pth.tar
2020-05-21 05:33:10,636 Loss: 0.113, MeanIU:  0.6119, Best_mIoU:  0.6119
2020-05-21 05:33:10,636 [0.96744897 0.88296034 0.64941436 0.62967356 0.69047451 0.65549566
 0.83809367 0.71799222 0.73806597 0.64108892 0.72632332 0.
 0.         0.69126632 0.68512675 0.449981   0.43921379]
2020-05-21 05:33:12,781 Epoch: [21/200] Iter:[0/857], Time: 2.14, lr: 0.003620, Loss: 0.068580
2020-05-21 05:35:04,564 Epoch: [21/200] Iter:[100/857], Time: 1.13, lr: 0.003618, Loss: 0.099817
2020-05-21 05:36:57,392 Epoch: [21/200] Iter:[200/857], Time: 1.13, lr: 0.003616, Loss: 0.098415
2020-05-21 05:38:48,519 Epoch: [21/200] Iter:[300/857], Time: 1.12, lr: 0.003614, Loss: 0.098641
2020-05-21 05:40:38,900 Epoch: [21/200] Iter:[400/857], Time: 1.12, lr: 0.003611, Loss: 0.097452
2020-05-21 05:42:30,472 Epoch: [21/200] Iter:[500/857], Time: 1.12, lr: 0.003609, Loss: 0.096387
2020-05-21 05:44:22,864 Epoch: [21/200] Iter:[600/857], Time: 1.12, lr: 0.003607, Loss: 0.096071
2020-05-21 05:46:14,172 Epoch: [21/200] Iter:[700/857], Time: 1.12, lr: 0.003605, Loss: 0.095966
2020-05-21 05:48:04,607 Epoch: [21/200] Iter:[800/857], Time: 1.12, lr: 0.003603, Loss: 0.095688
2020-05-21 05:50:01,304 => saving checkpoint to output/vschallenge/seg_hrnet_w48_cls17_480x480_sgd_lr4e-3_wd1e-4_bs_16_epoch200checkpoint.pth.tar
2020-05-21 05:50:03,923 Loss: 0.112, MeanIU:  0.6128, Best_mIoU:  0.6128
2020-05-21 05:50:03,923 [0.96888176 0.88227092 0.66148506 0.64875413 0.69546375 0.68356642
 0.8291599  0.72496043 0.74716415 0.66210476 0.72590141 0.
 0.         0.70298137 0.68185923 0.38286547 0.42084752]
2020-05-21 05:50:05,712 Epoch: [22/200] Iter:[0/857], Time: 1.78, lr: 0.003602, Loss: 0.110240
2020-05-21 05:51:57,842 Epoch: [22/200] Iter:[100/857], Time: 1.13, lr: 0.003600, Loss: 0.092869
2020-05-21 05:53:48,681 Epoch: [22/200] Iter:[200/857], Time: 1.12, lr: 0.003597, Loss: 0.094221
2020-05-21 05:55:41,500 Epoch: [22/200] Iter:[300/857], Time: 1.12, lr: 0.003595, Loss: 0.093184
2020-05-21 05:57:33,517 Epoch: [22/200] Iter:[400/857], Time: 1.12, lr: 0.003593, Loss: 0.092270
2020-05-21 05:59:25,913 Epoch: [22/200] Iter:[500/857], Time: 1.12, lr: 0.003591, Loss: 0.093395
2020-05-21 06:01:20,186 Epoch: [22/200] Iter:[600/857], Time: 1.13, lr: 0.003589, Loss: 0.092220
2020-05-21 06:03:13,398 Epoch: [22/200] Iter:[700/857], Time: 1.13, lr: 0.003587, Loss: 0.092184
2020-05-21 06:05:04,906 Epoch: [22/200] Iter:[800/857], Time: 1.12, lr: 0.003585, Loss: 0.091742
2020-05-21 06:06:59,776 => saving checkpoint to output/vschallenge/seg_hrnet_w48_cls17_480x480_sgd_lr4e-3_wd1e-4_bs_16_epoch200checkpoint.pth.tar
2020-05-21 06:07:01,320 Loss: 0.137, MeanIU:  0.6030, Best_mIoU:  0.6128
2020-05-21 06:07:01,320 [0.95743986 0.88074578 0.6541182  0.62275263 0.65722868 0.63929217
 0.82577699 0.71871542 0.74583603 0.64201039 0.67830454 0.
 0.         0.70270526 0.65577399 0.43308601 0.43802645]
2020-05-21 06:07:03,037 Epoch: [23/200] Iter:[0/857], Time: 1.71, lr: 0.003584, Loss: 0.106439
2020-05-21 06:08:51,329 Epoch: [23/200] Iter:[100/857], Time: 1.09, lr: 0.003581, Loss: 0.091920
2020-05-21 06:10:39,126 Epoch: [23/200] Iter:[200/857], Time: 1.08, lr: 0.003579, Loss: 0.090268
2020-05-21 06:12:28,095 Epoch: [23/200] Iter:[300/857], Time: 1.09, lr: 0.003577, Loss: 0.090608
2020-05-21 06:14:17,201 Epoch: [23/200] Iter:[400/857], Time: 1.09, lr: 0.003575, Loss: 0.091288
2020-05-21 06:16:06,909 Epoch: [23/200] Iter:[500/857], Time: 1.09, lr: 0.003573, Loss: 0.092220
2020-05-21 06:17:56,651 Epoch: [23/200] Iter:[600/857], Time: 1.09, lr: 0.003571, Loss: 0.093532
2020-05-21 06:19:46,565 Epoch: [23/200] Iter:[700/857], Time: 1.09, lr: 0.003569, Loss: 0.092288
2020-05-21 06:21:38,864 Epoch: [23/200] Iter:[800/857], Time: 1.10, lr: 0.003566, Loss: 0.092339
2020-05-21 06:23:39,317 => saving checkpoint to output/vschallenge/seg_hrnet_w48_cls17_480x480_sgd_lr4e-3_wd1e-4_bs_16_epoch200checkpoint.pth.tar
2020-05-21 06:23:41,068 Loss: 0.112, MeanIU:  0.6084, Best_mIoU:  0.6128
2020-05-21 06:23:41,069 [0.96976156 0.88364903 0.67447209 0.63639673 0.67545206 0.62449567
 0.83774325 0.72564792 0.70819533 0.63579771 0.74070995 0.
 0.         0.70632652 0.71452242 0.38201774 0.42839048]
2020-05-21 06:23:42,967 Epoch: [24/200] Iter:[0/857], Time: 1.89, lr: 0.003565, Loss: 0.073484
2020-05-21 06:25:41,326 Epoch: [24/200] Iter:[100/857], Time: 1.19, lr: 0.003563, Loss: 0.086533
2020-05-21 06:27:42,412 Epoch: [24/200] Iter:[200/857], Time: 1.20, lr: 0.003561, Loss: 0.088142
2020-05-21 06:29:46,194 Epoch: [24/200] Iter:[300/857], Time: 1.21, lr: 0.003559, Loss: 0.087626
2020-05-21 06:31:49,592 Epoch: [24/200] Iter:[400/857], Time: 1.22, lr: 0.003557, Loss: 0.086656
2020-05-21 06:33:48,630 Epoch: [24/200] Iter:[500/857], Time: 1.21, lr: 0.003555, Loss: 0.087807
2020-05-21 06:35:42,540 Epoch: [24/200] Iter:[600/857], Time: 1.20, lr: 0.003553, Loss: 0.088687
2020-05-21 06:37:35,938 Epoch: [24/200] Iter:[700/857], Time: 1.19, lr: 0.003550, Loss: 0.088381
2020-05-21 06:39:26,871 Epoch: [24/200] Iter:[800/857], Time: 1.18, lr: 0.003548, Loss: 0.087330
2020-05-21 06:41:21,647 => saving checkpoint to output/vschallenge/seg_hrnet_w48_cls17_480x480_sgd_lr4e-3_wd1e-4_bs_16_epoch200checkpoint.pth.tar
2020-05-21 06:41:23,065 Loss: 0.112, MeanIU:  0.6110, Best_mIoU:  0.6128
2020-05-21 06:41:23,065 [0.97064283 0.88546923 0.653198   0.64533937 0.64664384 0.5977533
 0.83335702 0.7399797  0.72363603 0.62818342 0.74575167 0.
 0.         0.70072878 0.71248798 0.47248249 0.43193366]
2020-05-21 06:41:24,681 Epoch: [25/200] Iter:[0/857], Time: 1.61, lr: 0.003547, Loss: 0.077828
2020-05-21 06:43:15,270 Epoch: [25/200] Iter:[100/857], Time: 1.11, lr: 0.003545, Loss: 0.084156
2020-05-21 06:45:08,993 Epoch: [25/200] Iter:[200/857], Time: 1.12, lr: 0.003543, Loss: 0.088314
2020-05-21 06:47:04,496 Epoch: [25/200] Iter:[300/857], Time: 1.13, lr: 0.003541, Loss: 0.089610
2020-05-21 06:49:00,784 Epoch: [25/200] Iter:[400/857], Time: 1.14, lr: 0.003539, Loss: 0.087462
2020-05-21 06:50:57,489 Epoch: [25/200] Iter:[500/857], Time: 1.15, lr: 0.003536, Loss: 0.087232
2020-05-21 06:52:52,346 Epoch: [25/200] Iter:[600/857], Time: 1.15, lr: 0.003534, Loss: 0.086921
2020-05-21 06:54:44,885 Epoch: [25/200] Iter:[700/857], Time: 1.14, lr: 0.003532, Loss: 0.085960
2020-05-21 06:56:37,395 Epoch: [25/200] Iter:[800/857], Time: 1.14, lr: 0.003530, Loss: 0.086693
2020-05-21 06:58:32,143 => saving checkpoint to output/vschallenge/seg_hrnet_w48_cls17_480x480_sgd_lr4e-3_wd1e-4_bs_16_epoch200checkpoint.pth.tar
2020-05-21 06:58:33,943 Loss: 0.125, MeanIU:  0.5987, Best_mIoU:  0.6128
2020-05-21 06:58:33,944 [0.96258126 0.88568749 0.62442086 0.58029196 0.71406518 0.68558854
 0.84400285 0.7277158  0.76389974 0.66299904 0.71795194 0.
 0.         0.70646446 0.70075821 0.22118169 0.37970939]
2020-05-21 06:58:35,706 Epoch: [26/200] Iter:[0/857], Time: 1.75, lr: 0.003529, Loss: 0.089126
2020-05-21 07:00:27,762 Epoch: [26/200] Iter:[100/857], Time: 1.13, lr: 0.003527, Loss: 0.085049
2020-05-21 07:02:19,728 Epoch: [26/200] Iter:[200/857], Time: 1.12, lr: 0.003525, Loss: 0.083756
2020-05-21 07:04:12,475 Epoch: [26/200] Iter:[300/857], Time: 1.12, lr: 0.003522, Loss: 0.085216
2020-05-21 07:06:04,743 Epoch: [26/200] Iter:[400/857], Time: 1.12, lr: 0.003520, Loss: 0.084482
2020-05-21 07:07:59,188 Epoch: [26/200] Iter:[500/857], Time: 1.13, lr: 0.003518, Loss: 0.085188
2020-05-21 07:09:51,779 Epoch: [26/200] Iter:[600/857], Time: 1.13, lr: 0.003516, Loss: 0.085058
2020-05-21 07:11:44,009 Epoch: [26/200] Iter:[700/857], Time: 1.13, lr: 0.003514, Loss: 0.086178
2020-05-21 07:13:36,972 Epoch: [26/200] Iter:[800/857], Time: 1.13, lr: 0.003512, Loss: 0.086066
2020-05-21 07:15:36,891 => saving checkpoint to output/vschallenge/seg_hrnet_w48_cls17_480x480_sgd_lr4e-3_wd1e-4_bs_16_epoch200checkpoint.pth.tar
2020-05-21 07:15:38,180 Loss: 0.218, MeanIU:  0.5966, Best_mIoU:  0.6128
2020-05-21 07:15:38,181 [0.96208722 0.86830447 0.6514812  0.61337196 0.67949224 0.61542882
 0.83006532 0.71347634 0.68286215 0.5707973  0.72094731 0.
 0.         0.71583765 0.6731248  0.41738541 0.42674462]
2020-05-21 07:15:40,063 Epoch: [27/200] Iter:[0/857], Time: 1.87, lr: 0.003511, Loss: 0.077004
2020-05-21 07:17:31,412 Epoch: [27/200] Iter:[100/857], Time: 1.12, lr: 0.003508, Loss: 0.087716
2020-05-21 07:19:21,261 Epoch: [27/200] Iter:[200/857], Time: 1.11, lr: 0.003506, Loss: 0.091796
2020-05-21 07:21:12,029 Epoch: [27/200] Iter:[300/857], Time: 1.11, lr: 0.003504, Loss: 0.091004
2020-05-21 07:23:04,235 Epoch: [27/200] Iter:[400/857], Time: 1.11, lr: 0.003502, Loss: 0.090311
2020-05-21 07:24:56,794 Epoch: [27/200] Iter:[500/857], Time: 1.11, lr: 0.003500, Loss: 0.091121
2020-05-21 07:26:49,823 Epoch: [27/200] Iter:[600/857], Time: 1.12, lr: 0.003498, Loss: 0.090243
2020-05-21 07:28:41,672 Epoch: [27/200] Iter:[700/857], Time: 1.12, lr: 0.003496, Loss: 0.089038
2020-05-21 07:30:35,162 Epoch: [27/200] Iter:[800/857], Time: 1.12, lr: 0.003493, Loss: 0.088092
2020-05-21 07:32:34,464 => saving checkpoint to output/vschallenge/seg_hrnet_w48_cls17_480x480_sgd_lr4e-3_wd1e-4_bs_16_epoch200checkpoint.pth.tar
2020-05-21 07:32:37,090 Loss: 0.113, MeanIU:  0.6174, Best_mIoU:  0.6174
2020-05-21 07:32:37,091 [0.96973819 0.89086298 0.68255031 0.65004539 0.70512786 0.65223203
 0.83672032 0.7314458  0.7621637  0.68606335 0.743079   0.
 0.         0.7187952  0.72200937 0.30768093 0.4367978 ]
2020-05-21 07:32:38,930 Epoch: [28/200] Iter:[0/857], Time: 1.83, lr: 0.003492, Loss: 0.071272
2020-05-21 07:34:33,035 Epoch: [28/200] Iter:[100/857], Time: 1.15, lr: 0.003490, Loss: 0.083798
2020-05-21 07:36:27,503 Epoch: [28/200] Iter:[200/857], Time: 1.15, lr: 0.003488, Loss: 0.082068
2020-05-21 07:38:25,548 Epoch: [28/200] Iter:[300/857], Time: 1.16, lr: 0.003486, Loss: 0.082867
2020-05-21 07:40:25,601 Epoch: [28/200] Iter:[400/857], Time: 1.17, lr: 0.003484, Loss: 0.081230
2020-05-21 07:42:23,986 Epoch: [28/200] Iter:[500/857], Time: 1.17, lr: 0.003482, Loss: 0.082535
2020-05-21 07:44:18,578 Epoch: [28/200] Iter:[600/857], Time: 1.17, lr: 0.003479, Loss: 0.082386
2020-05-21 07:46:11,959 Epoch: [28/200] Iter:[700/857], Time: 1.16, lr: 0.003477, Loss: 0.083658
2020-05-21 07:48:04,280 Epoch: [28/200] Iter:[800/857], Time: 1.16, lr: 0.003475, Loss: 0.082849
2020-05-21 07:49:58,229 => saving checkpoint to output/vschallenge/seg_hrnet_w48_cls17_480x480_sgd_lr4e-3_wd1e-4_bs_16_epoch200checkpoint.pth.tar
2020-05-21 07:50:00,834 Loss: 0.106, MeanIU:  0.6202, Best_mIoU:  0.6202
2020-05-21 07:50:00,835 [0.97235074 0.89383765 0.69233735 0.65807309 0.71201766 0.66350896
 0.84747956 0.7352006  0.7706629  0.6631524  0.75714336 0.
 0.         0.71101319 0.72328839 0.30377203 0.43954542]
2020-05-21 07:50:03,148 Epoch: [29/200] Iter:[0/857], Time: 2.31, lr: 0.003474, Loss: 0.095759
2020-05-21 07:51:55,345 Epoch: [29/200] Iter:[100/857], Time: 1.13, lr: 0.003472, Loss: 0.078965
2020-05-21 07:53:49,599 Epoch: [29/200] Iter:[200/857], Time: 1.14, lr: 0.003470, Loss: 0.077306
2020-05-21 07:55:43,611 Epoch: [29/200] Iter:[300/857], Time: 1.14, lr: 0.003468, Loss: 0.077840
2020-05-21 07:57:38,383 Epoch: [29/200] Iter:[400/857], Time: 1.14, lr: 0.003465, Loss: 0.080451
2020-05-21 07:59:32,638 Epoch: [29/200] Iter:[500/857], Time: 1.14, lr: 0.003463, Loss: 0.080846
2020-05-21 08:01:24,356 Epoch: [29/200] Iter:[600/857], Time: 1.14, lr: 0.003461, Loss: 0.080640
2020-05-21 08:03:16,659 Epoch: [29/200] Iter:[700/857], Time: 1.14, lr: 0.003459, Loss: 0.079745
2020-05-21 08:05:06,998 Epoch: [29/200] Iter:[800/857], Time: 1.13, lr: 0.003457, Loss: 0.079573
2020-05-21 08:07:06,612 => saving checkpoint to output/vschallenge/seg_hrnet_w48_cls17_480x480_sgd_lr4e-3_wd1e-4_bs_16_epoch200checkpoint.pth.tar
2020-05-21 08:07:09,217 Loss: 0.138, MeanIU:  0.6249, Best_mIoU:  0.6249
2020-05-21 08:07:09,217 [0.96423867 0.88417757 0.69237721 0.67708342 0.72683631 0.6914599
 0.84844082 0.74123501 0.76757935 0.68364429 0.71763934 0.
 0.         0.73607906 0.66410258 0.38005594 0.44827616]
2020-05-21 08:07:10,908 Epoch: [30/200] Iter:[0/857], Time: 1.68, lr: 0.003456, Loss: 0.080332
2020-05-21 08:09:03,449 Epoch: [30/200] Iter:[100/857], Time: 1.13, lr: 0.003454, Loss: 0.083265
2020-05-21 08:10:55,869 Epoch: [30/200] Iter:[200/857], Time: 1.13, lr: 0.003451, Loss: 0.082055
2020-05-21 08:12:48,240 Epoch: [30/200] Iter:[300/857], Time: 1.13, lr: 0.003449, Loss: 0.079769
2020-05-21 08:14:41,611 Epoch: [30/200] Iter:[400/857], Time: 1.13, lr: 0.003447, Loss: 0.078717
2020-05-21 08:16:36,299 Epoch: [30/200] Iter:[500/857], Time: 1.13, lr: 0.003445, Loss: 0.077141
2020-05-21 08:18:31,068 Epoch: [30/200] Iter:[600/857], Time: 1.13, lr: 0.003443, Loss: 0.076230
2020-05-21 08:20:25,886 Epoch: [30/200] Iter:[700/857], Time: 1.14, lr: 0.003441, Loss: 0.076400
2020-05-21 08:22:19,108 Epoch: [30/200] Iter:[800/857], Time: 1.14, lr: 0.003439, Loss: 0.075823
2020-05-21 08:24:17,539 => saving checkpoint to output/vschallenge/seg_hrnet_w48_cls17_480x480_sgd_lr4e-3_wd1e-4_bs_16_epoch200checkpoint.pth.tar
2020-05-21 08:24:19,427 Loss: 0.219, MeanIU:  0.6131, Best_mIoU:  0.6249
2020-05-21 08:24:19,428 [0.96285834 0.86852973 0.64666743 0.60673218 0.71915834 0.6562707
 0.82763352 0.73380549 0.74487602 0.66785463 0.72781665 0.
 0.         0.69597477 0.69531373 0.42943788 0.43938678]
2020-05-21 08:24:21,250 Epoch: [31/200] Iter:[0/857], Time: 1.81, lr: 0.003437, Loss: 0.074641
2020-05-21 08:26:13,891 Epoch: [31/200] Iter:[100/857], Time: 1.13, lr: 0.003435, Loss: 0.074276
2020-05-21 08:28:04,104 Epoch: [31/200] Iter:[200/857], Time: 1.12, lr: 0.003433, Loss: 0.077147
2020-05-21 08:29:53,211 Epoch: [31/200] Iter:[300/857], Time: 1.11, lr: 0.003431, Loss: 0.082894
2020-05-21 08:31:44,059 Epoch: [31/200] Iter:[400/857], Time: 1.11, lr: 0.003429, Loss: 0.082275
2020-05-21 08:33:34,795 Epoch: [31/200] Iter:[500/857], Time: 1.11, lr: 0.003427, Loss: 0.080654
2020-05-21 08:35:23,965 Epoch: [31/200] Iter:[600/857], Time: 1.11, lr: 0.003425, Loss: 0.081084
2020-05-21 08:37:14,187 Epoch: [31/200] Iter:[700/857], Time: 1.11, lr: 0.003422, Loss: 0.080967
2020-05-21 08:39:05,152 Epoch: [31/200] Iter:[800/857], Time: 1.11, lr: 0.003420, Loss: 0.080881
2020-05-21 08:40:58,864 => saving checkpoint to output/vschallenge/seg_hrnet_w48_cls17_480x480_sgd_lr4e-3_wd1e-4_bs_16_epoch200checkpoint.pth.tar
2020-05-21 08:41:01,523 Loss: 0.101, MeanIU:  0.6330, Best_mIoU:  0.6330
2020-05-21 08:41:01,523 [0.97147483 0.89458983 0.68591071 0.66118135 0.73805082 0.68977431
 0.85178369 0.74241049 0.77144211 0.68102266 0.75496665 0.
 0.         0.68034495 0.73705651 0.4445202  0.45570268]
2020-05-21 08:41:03,342 Epoch: [32/200] Iter:[0/857], Time: 1.81, lr: 0.003419, Loss: 0.076184
2020-05-21 08:42:52,925 Epoch: [32/200] Iter:[100/857], Time: 1.10, lr: 0.003417, Loss: 0.075854
2020-05-21 08:44:43,963 Epoch: [32/200] Iter:[200/857], Time: 1.11, lr: 0.003415, Loss: 0.077145
2020-05-21 08:46:34,030 Epoch: [32/200] Iter:[300/857], Time: 1.10, lr: 0.003413, Loss: 0.076492
2020-05-21 08:48:23,451 Epoch: [32/200] Iter:[400/857], Time: 1.10, lr: 0.003411, Loss: 0.076036
2020-05-21 08:50:12,807 Epoch: [32/200] Iter:[500/857], Time: 1.10, lr: 0.003408, Loss: 0.075877
2020-05-21 08:52:02,025 Epoch: [32/200] Iter:[600/857], Time: 1.10, lr: 0.003406, Loss: 0.077420
2020-05-21 08:53:50,888 Epoch: [32/200] Iter:[700/857], Time: 1.10, lr: 0.003404, Loss: 0.077198
2020-05-21 08:55:39,827 Epoch: [32/200] Iter:[800/857], Time: 1.10, lr: 0.003402, Loss: 0.077543
2020-05-21 08:57:31,787 => saving checkpoint to output/vschallenge/seg_hrnet_w48_cls17_480x480_sgd_lr4e-3_wd1e-4_bs_16_epoch200checkpoint.pth.tar
2020-05-21 08:57:34,352 Loss: 0.117, MeanIU:  0.6344, Best_mIoU:  0.6344
2020-05-21 08:57:34,353 [0.97134913 0.89397504 0.69689306 0.66970576 0.72489236 0.68947765
 0.85046455 0.74330058 0.77151228 0.67075437 0.76569039 0.
 0.         0.73675856 0.7261799  0.40704656 0.46631716]
2020-05-21 08:57:36,464 Epoch: [33/200] Iter:[0/857], Time: 2.10, lr: 0.003401, Loss: 0.117520
2020-05-21 08:59:25,234 Epoch: [33/200] Iter:[100/857], Time: 1.10, lr: 0.003399, Loss: 0.078239
2020-05-21 09:01:14,401 Epoch: [33/200] Iter:[200/857], Time: 1.09, lr: 0.003396, Loss: 0.074532
2020-05-21 09:03:03,540 Epoch: [33/200] Iter:[300/857], Time: 1.09, lr: 0.003394, Loss: 0.073425
2020-05-21 09:04:53,070 Epoch: [33/200] Iter:[400/857], Time: 1.09, lr: 0.003392, Loss: 0.075186
2020-05-21 09:06:40,794 Epoch: [33/200] Iter:[500/857], Time: 1.09, lr: 0.003390, Loss: 0.075950
2020-05-21 09:08:30,883 Epoch: [33/200] Iter:[600/857], Time: 1.09, lr: 0.003388, Loss: 0.075316
2020-05-21 09:10:20,257 Epoch: [33/200] Iter:[700/857], Time: 1.09, lr: 0.003386, Loss: 0.075269
2020-05-21 09:12:10,112 Epoch: [33/200] Iter:[800/857], Time: 1.09, lr: 0.003384, Loss: 0.074928
2020-05-21 09:14:05,202 => saving checkpoint to output/vschallenge/seg_hrnet_w48_cls17_480x480_sgd_lr4e-3_wd1e-4_bs_16_epoch200checkpoint.pth.tar
2020-05-21 09:14:06,971 Loss: 0.109, MeanIU:  0.6304, Best_mIoU:  0.6344
2020-05-21 09:14:06,972 [0.9725531  0.89054754 0.67148889 0.65246765 0.72700582 0.69248552
 0.84094285 0.74540473 0.76587485 0.67773774 0.76848705 0.
 0.         0.72657956 0.68676046 0.42688763 0.47226317]
2020-05-21 09:14:09,188 Epoch: [34/200] Iter:[0/857], Time: 2.21, lr: 0.003382, Loss: 0.128721
2020-05-21 09:15:59,907 Epoch: [34/200] Iter:[100/857], Time: 1.12, lr: 0.003380, Loss: 0.077370
2020-05-21 09:17:49,647 Epoch: [34/200] Iter:[200/857], Time: 1.11, lr: 0.003378, Loss: 0.084847
2020-05-21 09:19:36,573 Epoch: [34/200] Iter:[300/857], Time: 1.09, lr: 0.003376, Loss: 0.084748
2020-05-21 09:21:25,037 Epoch: [34/200] Iter:[400/857], Time: 1.09, lr: 0.003374, Loss: 0.084085
2020-05-21 09:23:13,413 Epoch: [34/200] Iter:[500/857], Time: 1.09, lr: 0.003372, Loss: 0.082493
2020-05-21 09:25:00,547 Epoch: [34/200] Iter:[600/857], Time: 1.09, lr: 0.003370, Loss: 0.081861
2020-05-21 09:26:52,471 Epoch: [34/200] Iter:[700/857], Time: 1.09, lr: 0.003367, Loss: 0.080524
2020-05-21 09:28:45,257 Epoch: [34/200] Iter:[800/857], Time: 1.10, lr: 0.003365, Loss: 0.079642
2020-05-21 09:30:44,097 => saving checkpoint to output/vschallenge/seg_hrnet_w48_cls17_480x480_sgd_lr4e-3_wd1e-4_bs_16_epoch200checkpoint.pth.tar
2020-05-21 09:30:45,991 Loss: 0.112, MeanIU:  0.6283, Best_mIoU:  0.6344
2020-05-21 09:30:45,991 [0.97048608 0.88771164 0.68996819 0.66192388 0.71874766 0.68407398
 0.85393432 0.7445795  0.77297831 0.69290556 0.75224862 0.
 0.         0.7048024  0.68782212 0.39951949 0.45873204]
2020-05-21 09:30:47,820 Epoch: [35/200] Iter:[0/857], Time: 1.82, lr: 0.003364, Loss: 0.074009
2020-05-21 09:32:38,938 Epoch: [35/200] Iter:[100/857], Time: 1.12, lr: 0.003362, Loss: 0.084755
2020-05-21 09:34:29,728 Epoch: [35/200] Iter:[200/857], Time: 1.11, lr: 0.003360, Loss: 0.081741
2020-05-21 09:36:19,036 Epoch: [35/200] Iter:[300/857], Time: 1.11, lr: 0.003358, Loss: 0.080181
2020-05-21 09:38:09,363 Epoch: [35/200] Iter:[400/857], Time: 1.11, lr: 0.003356, Loss: 0.078385
2020-05-21 09:39:59,344 Epoch: [35/200] Iter:[500/857], Time: 1.10, lr: 0.003353, Loss: 0.077443
2020-05-21 09:41:49,097 Epoch: [35/200] Iter:[600/857], Time: 1.10, lr: 0.003351, Loss: 0.078351
2020-05-21 09:43:40,150 Epoch: [35/200] Iter:[700/857], Time: 1.10, lr: 0.003349, Loss: 0.077770
2020-05-21 09:45:29,370 Epoch: [35/200] Iter:[800/857], Time: 1.10, lr: 0.003347, Loss: 0.077071
2020-05-21 09:47:27,559 => saving checkpoint to output/vschallenge/seg_hrnet_w48_cls17_480x480_sgd_lr4e-3_wd1e-4_bs_16_epoch200checkpoint.pth.tar
2020-05-21 09:47:30,269 Loss: 0.123, MeanIU:  0.6389, Best_mIoU:  0.6389
2020-05-21 09:47:30,269 [0.97125896 0.88889297 0.70464423 0.68525771 0.73795025 0.70923134
 0.85173534 0.7409796  0.7706834  0.69104508 0.76190874 0.
 0.         0.73668457 0.73612429 0.44994465 0.42463984]
2020-05-21 09:47:32,211 Epoch: [36/200] Iter:[0/857], Time: 1.93, lr: 0.003346, Loss: 0.063620
2020-05-21 09:49:25,583 Epoch: [36/200] Iter:[100/857], Time: 1.14, lr: 0.003344, Loss: 0.073946
2020-05-21 09:51:18,466 Epoch: [36/200] Iter:[200/857], Time: 1.14, lr: 0.003341, Loss: 0.071806
2020-05-21 09:53:11,703 Epoch: [36/200] Iter:[300/857], Time: 1.13, lr: 0.003339, Loss: 0.072187
2020-05-21 09:55:04,754 Epoch: [36/200] Iter:[400/857], Time: 1.13, lr: 0.003337, Loss: 0.071863
2020-05-21 09:56:55,269 Epoch: [36/200] Iter:[500/857], Time: 1.13, lr: 0.003335, Loss: 0.072599
2020-05-21 09:58:46,636 Epoch: [36/200] Iter:[600/857], Time: 1.13, lr: 0.003333, Loss: 0.072021
2020-05-21 10:00:35,798 Epoch: [36/200] Iter:[700/857], Time: 1.12, lr: 0.003331, Loss: 0.073476
2020-05-21 10:02:25,896 Epoch: [36/200] Iter:[800/857], Time: 1.12, lr: 0.003329, Loss: 0.073019
2020-05-21 10:04:20,963 => saving checkpoint to output/vschallenge/seg_hrnet_w48_cls17_480x480_sgd_lr4e-3_wd1e-4_bs_16_epoch200checkpoint.pth.tar
2020-05-21 10:04:22,709 Loss: 0.160, MeanIU:  0.6331, Best_mIoU:  0.6389
2020-05-21 10:04:22,709 [0.96408266 0.89296087 0.70829549 0.68165081 0.7411174  0.71368494
 0.85171645 0.75753155 0.780342   0.69746476 0.74520771 0.
 0.         0.75194065 0.73323513 0.26483289 0.47895053]
2020-05-21 10:04:24,504 Epoch: [37/200] Iter:[0/857], Time: 1.79, lr: 0.003327, Loss: 0.077026
